<?xml version="1.0" encoding="UTF-8"?>
<!-- Generated by org.testng.reporters.JUnitReportReporter -->
<testsuite skipped="0" hostname="shubhika3147562" name="ReadJson" tests="1" failures="0" timestamp="27 Jun 2018 05:39:45 GMT" time="2.618" errors="0">
  <testcase name="DisplayAllNodesInWeatherAPI" time="2.618" classname="ReadJson"/>
</testsuite> <!-- ReadJson -->
