<?xml version="1.0" encoding="UTF-8"?>
<!-- Generated by org.testng.reporters.JUnitReportReporter -->
<testsuite skipped="0" hostname="shubhika3147562" name="RestClass" tests="1" failures="0" timestamp="21 Jun 2018 07:57:12 GMT" time="2.393" errors="0">
  <testcase name="GetWeatherDetails" time="2.393" classname="RestClass"/>
</testsuite> <!-- RestClass -->
