<?xml version="1.0" encoding="UTF-8"?>
<!-- Generated by org.testng.reporters.JUnitReportReporter -->
<testsuite skipped="0" hostname="shubhika3147562" name="JsonReading" tests="2" failures="0" timestamp="27 Jun 2018 05:58:00 GMT" time="3.098" errors="0">
  <testcase name="JsonPathUsage" time="0.828" classname="JsonReading"/>
  <testcase name="JsonArrayToList" time="2.270" classname="JsonReading"/>
</testsuite> <!-- JsonReading -->
