<?xml version="1.0" encoding="UTF-8"?>
<!-- Generated by org.testng.reporters.JUnitReportReporter -->
<testsuite skipped="0" hostname="shubhika3147562" name="TestClassTwo" tests="1" failures="0" timestamp="21 Jun 2018 08:12:04 GMT" time="2.620" errors="0">
  <testcase name="GetWeatherDetailsCondensed" time="2.620" classname="TestClassTwo"/>
</testsuite> <!-- TestClassTwo -->
