<?xml version="1.0" encoding="UTF-8"?>
<!-- Generated by org.testng.reporters.JUnitReportReporter -->
<testsuite skipped="0" hostname="shubhika3147562" name="IteratingOverHeaders" tests="1" failures="0" timestamp="27 Jun 2018 05:37:34 GMT" time="2.126" errors="0">
  <testcase name="IteratingOverHeaders" time="2.126" classname="IteratingOverHeaders"/>
</testsuite> <!-- IteratingOverHeaders -->
